usage: xborders [-h] [--config CONFIG] [--border-radius BORDER_RADIUS]
                [--border-width BORDER_WIDTH] [--border-red BORDER_RED]
                [--border-green BORDER_GREEN] [--border-blue BORDER_BLUE]
                [--border-alpha BORDER_ALPHA] [--border-rgba BORDER_RGBA]
                [--border-mode BORDER_MODE] [--smart-hide-border]
                [--disable-version-warning]
                [--positive-x-offset POSITIVE_X_OFFSET]
                [--negative-x-offset NEGATIVE_X_OFFSET]
                [--positive-y-offset POSITIVE_Y_OFFSET]
                [--negative-y-offset NEGATIVE_Y_OFFSET] [--version]
xborders: error: argument --border-rgba: expected one argument
usage: xborders [-h] [--config CONFIG] [--border-radius BORDER_RADIUS]
                [--border-width BORDER_WIDTH] [--border-red BORDER_RED]
                [--border-green BORDER_GREEN] [--border-blue BORDER_BLUE]
                [--border-alpha BORDER_ALPHA] [--border-rgba BORDER_RGBA]
                [--border-mode BORDER_MODE] [--smart-hide-border]
                [--disable-version-warning]
                [--positive-x-offset POSITIVE_X_OFFSET]
                [--negative-x-offset NEGATIVE_X_OFFSET]
                [--positive-y-offset POSITIVE_Y_OFFSET]
                [--negative-y-offset NEGATIVE_Y_OFFSET] [--version]
xborders: error: argument --border-rgba: expected one argument
usage: xborders [-h] [--config CONFIG] [--border-radius BORDER_RADIUS]
                [--border-width BORDER_WIDTH] [--border-red BORDER_RED]
                [--border-green BORDER_GREEN] [--border-blue BORDER_BLUE]
                [--border-alpha BORDER_ALPHA] [--border-rgba BORDER_RGBA]
                [--border-mode BORDER_MODE] [--smart-hide-border]
                [--disable-version-warning]
                [--positive-x-offset POSITIVE_X_OFFSET]
                [--negative-x-offset NEGATIVE_X_OFFSET]
                [--positive-y-offset POSITIVE_Y_OFFSET]
                [--negative-y-offset NEGATIVE_Y_OFFSET] [--version]
xborders: error: argument --border-rgba: expected one argument
usage: xborders [-h] [--config CONFIG] [--border-radius BORDER_RADIUS]
                [--border-width BORDER_WIDTH] [--border-red BORDER_RED]
                [--border-green BORDER_GREEN] [--border-blue BORDER_BLUE]
                [--border-alpha BORDER_ALPHA] [--border-rgba BORDER_RGBA]
                [--border-mode BORDER_MODE] [--smart-hide-border]
                [--disable-version-warning]
                [--positive-x-offset POSITIVE_X_OFFSET]
                [--negative-x-offset NEGATIVE_X_OFFSET]
                [--positive-y-offset POSITIVE_Y_OFFSET]
                [--negative-y-offset NEGATIVE_Y_OFFSET] [--version]
xborders: error: argument --border-rgba: expected one argument
usage: xborders [-h] [--config CONFIG] [--border-radius BORDER_RADIUS]
                [--border-width BORDER_WIDTH] [--border-red BORDER_RED]
                [--border-green BORDER_GREEN] [--border-blue BORDER_BLUE]
                [--border-alpha BORDER_ALPHA] [--border-rgba BORDER_RGBA]
                [--border-mode BORDER_MODE] [--smart-hide-border]
                [--disable-version-warning]
                [--positive-x-offset POSITIVE_X_OFFSET]
                [--negative-x-offset NEGATIVE_X_OFFSET]
                [--positive-y-offset POSITIVE_Y_OFFSET]
                [--negative-y-offset NEGATIVE_Y_OFFSET] [--version]
xborders: error: argument --border-rgba: expected one argument
usage: xborders [-h] [--config CONFIG] [--border-radius BORDER_RADIUS]
                [--border-width BORDER_WIDTH] [--border-red BORDER_RED]
                [--border-green BORDER_GREEN] [--border-blue BORDER_BLUE]
                [--border-alpha BORDER_ALPHA] [--border-rgba BORDER_RGBA]
                [--border-mode BORDER_MODE] [--smart-hide-border]
                [--disable-version-warning]
                [--positive-x-offset POSITIVE_X_OFFSET]
                [--negative-x-offset NEGATIVE_X_OFFSET]
                [--positive-y-offset POSITIVE_Y_OFFSET]
                [--negative-y-offset NEGATIVE_Y_OFFSET] [--version]
xborders: error: argument --border-rgba: expected one argument
usage: xborders [-h] [--config CONFIG] [--border-radius BORDER_RADIUS]
                [--border-width BORDER_WIDTH] [--border-red BORDER_RED]
                [--border-green BORDER_GREEN] [--border-blue BORDER_BLUE]
                [--border-alpha BORDER_ALPHA] [--border-rgba BORDER_RGBA]
                [--border-mode BORDER_MODE] [--smart-hide-border]
                [--disable-version-warning]
                [--positive-x-offset POSITIVE_X_OFFSET]
                [--negative-x-offset NEGATIVE_X_OFFSET]
                [--positive-y-offset POSITIVE_Y_OFFSET]
                [--negative-y-offset NEGATIVE_Y_OFFSET] [--version]
xborders: error: argument --border-rgba: expected one argument
usage: xborders [-h] [--config CONFIG] [--border-radius BORDER_RADIUS]
                [--border-width BORDER_WIDTH] [--border-red BORDER_RED]
                [--border-green BORDER_GREEN] [--border-blue BORDER_BLUE]
                [--border-alpha BORDER_ALPHA] [--border-rgba BORDER_RGBA]
                [--border-mode BORDER_MODE] [--smart-hide-border]
                [--disable-version-warning]
                [--positive-x-offset POSITIVE_X_OFFSET]
                [--negative-x-offset NEGATIVE_X_OFFSET]
                [--positive-y-offset POSITIVE_Y_OFFSET]
                [--negative-y-offset NEGATIVE_Y_OFFSET] [--version]
xborders: error: argument --border-rgba: expected one argument
/home/garamog/xborder/xborders:284: DeprecationWarning: Gtk.Window.set_wmclass is deprecated
  self.set_wmclass("xborders", "xborder")
GDBus.Error:org.freedesktop.DBus.Error.ServiceUnknown: The name is not activatable
/home/garamog/xborder/xborders:284: DeprecationWarning: Gtk.Window.set_wmclass is deprecated
  self.set_wmclass("xborders", "xborder")
GDBus.Error:org.freedesktop.DBus.Error.ServiceUnknown: The name is not activatable
