/home/garamog/xborder/xborders:284: DeprecationWarning: Gtk.Window.set_wmclass is deprecated
  self.set_wmclass("xborders", "xborder")
/home/garamog/xborder/xborders:284: DeprecationWarning: Gtk.Window.set_wmclass is deprecated
  self.set_wmclass("xborders", "xborder")
/home/garamog/xborder/xborders:284: DeprecationWarning: Gtk.Window.set_wmclass is deprecated
  self.set_wmclass("xborders", "xborder")
Error calling StartServiceByName for org.freedesktop.Notifications: Timeout was reached
Error calling StartServiceByName for org.freedesktop.Notifications: Timeout was reached
/home/garamog/xborder/xborders:284: DeprecationWarning: Gtk.Window.set_wmclass is deprecated
  self.set_wmclass("xborders", "xborder")
/home/garamog/xborder/xborders:284: DeprecationWarning: Gtk.Window.set_wmclass is deprecated
  self.set_wmclass("xborders", "xborder")
/home/garamog/xborder/xborders:284: DeprecationWarning: Gtk.Window.set_wmclass is deprecated
  self.set_wmclass("xborders", "xborder")
/home/garamog/xborder/xborders:284: DeprecationWarning: Gtk.Window.set_wmclass is deprecated
  self.set_wmclass("xborders", "xborder")
/home/garamog/xborder/xborders:284: DeprecationWarning: Gtk.Window.set_wmclass is deprecated
  self.set_wmclass("xborders", "xborder")
/home/garamog/xborder/xborders:284: DeprecationWarning: Gtk.Window.set_wmclass is deprecated
  self.set_wmclass("xborders", "xborder")
/home/garamog/xborder/xborders:284: DeprecationWarning: Gtk.Window.set_wmclass is deprecated
  self.set_wmclass("xborders", "xborder")
/home/garamog/xborder/xborders:284: DeprecationWarning: Gtk.Window.set_wmclass is deprecated
  self.set_wmclass("xborders", "xborder")
/home/garamog/xborder/xborders:284: DeprecationWarning: Gtk.Window.set_wmclass is deprecated
  self.set_wmclass("xborders", "xborder")
/home/garamog/xborder/xborders:284: DeprecationWarning: Gtk.Window.set_wmclass is deprecated
  self.set_wmclass("xborders", "xborder")
/home/garamog/xborder/xborders:284: DeprecationWarning: Gtk.Window.set_wmclass is deprecated
  self.set_wmclass("xborders", "xborder")
/home/garamog/xborder/xborders:284: DeprecationWarning: Gtk.Window.set_wmclass is deprecated
  self.set_wmclass("xborders", "xborder")
/home/garamog/xborder/xborders:284: DeprecationWarning: Gtk.Window.set_wmclass is deprecated
  self.set_wmclass("xborders", "xborder")
/home/garamog/xborder/xborders:284: DeprecationWarning: Gtk.Window.set_wmclass is deprecated
  self.set_wmclass("xborders", "xborder")
/home/garamog/xborder/xborders:284: DeprecationWarning: Gtk.Window.set_wmclass is deprecated
  self.set_wmclass("xborders", "xborder")
/home/garamog/xborder/xborders:284: DeprecationWarning: Gtk.Window.set_wmclass is deprecated
  self.set_wmclass("xborders", "xborder")
/home/garamog/xborder/xborders:284: DeprecationWarning: Gtk.Window.set_wmclass is deprecated
  self.set_wmclass("xborders", "xborder")
/home/garamog/xborder/xborders:284: DeprecationWarning: Gtk.Window.set_wmclass is deprecated
  self.set_wmclass("xborders", "xborder")
/home/garamog/xborder/xborders:284: DeprecationWarning: Gtk.Window.set_wmclass is deprecated
  self.set_wmclass("xborders", "xborder")
/home/garamog/xborder/xborders:284: DeprecationWarning: Gtk.Window.set_wmclass is deprecated
  self.set_wmclass("xborders", "xborder")
/home/garamog/xborder/xborders:284: DeprecationWarning: Gtk.Window.set_wmclass is deprecated
  self.set_wmclass("xborders", "xborder")
/home/garamog/xborder/xborders:284: DeprecationWarning: Gtk.Window.set_wmclass is deprecated
  self.set_wmclass("xborders", "xborder")
/home/garamog/xborder/xborders:284: DeprecationWarning: Gtk.Window.set_wmclass is deprecated
  self.set_wmclass("xborders", "xborder")
/home/garamog/xborder/xborders:284: DeprecationWarning: Gtk.Window.set_wmclass is deprecated
  self.set_wmclass("xborders", "xborder")
/home/garamog/xborder/xborders:284: DeprecationWarning: Gtk.Window.set_wmclass is deprecated
  self.set_wmclass("xborders", "xborder")
/home/garamog/xborder/xborders:284: DeprecationWarning: Gtk.Window.set_wmclass is deprecated
  self.set_wmclass("xborders", "xborder")
/home/garamog/xborder/xborders:284: DeprecationWarning: Gtk.Window.set_wmclass is deprecated
  self.set_wmclass("xborders", "xborder")
/home/garamog/xborder/xborders:284: DeprecationWarning: Gtk.Window.set_wmclass is deprecated
  self.set_wmclass("xborders", "xborder")
/home/garamog/xborder/xborders:284: DeprecationWarning: Gtk.Window.set_wmclass is deprecated
  self.set_wmclass("xborders", "xborder")
/home/garamog/xborder/xborders:284: DeprecationWarning: Gtk.Window.set_wmclass is deprecated
  self.set_wmclass("xborders", "xborder")
/home/garamog/.local/bin/xborders:284: DeprecationWarning: Gtk.Window.set_wmclass is deprecated
  self.set_wmclass("xborders", "xborder")
/home/garamog/.local/bin/xborders:284: DeprecationWarning: Gtk.Window.set_wmclass is deprecated
  self.set_wmclass("xborders", "xborder")
/home/garamog/.local/bin/xborders:284: DeprecationWarning: Gtk.Window.set_wmclass is deprecated
  self.set_wmclass("xborders", "xborder")
/home/garamog/.local/bin/xborders:284: DeprecationWarning: Gtk.Window.set_wmclass is deprecated
  self.set_wmclass("xborders", "xborder")
/home/garamog/.local/bin/xborders:284: DeprecationWarning: Gtk.Window.set_wmclass is deprecated
  self.set_wmclass("xborders", "xborder")
/home/garamog/.local/bin/xborders:284: DeprecationWarning: Gtk.Window.set_wmclass is deprecated
  self.set_wmclass("xborders", "xborder")
/home/garamog/.local/bin/xborders:284: DeprecationWarning: Gtk.Window.set_wmclass is deprecated
  self.set_wmclass("xborders", "xborder")
/home/garamog/.local/bin/xborders:284: DeprecationWarning: Gtk.Window.set_wmclass is deprecated
  self.set_wmclass("xborders", "xborder")
GDBus.Error:org.freedesktop.DBus.Error.NameHasNoOwner: Could not activate remote peer 'org.freedesktop.Notifications': activation request failed: a concurrent deactivation request is already in progress
/home/garamog/.local/bin/xborders:284: DeprecationWarning: Gtk.Window.set_wmclass is deprecated
  self.set_wmclass("xborders", "xborder")
/home/garamog/.local/bin/xborders:284: DeprecationWarning: Gtk.Window.set_wmclass is deprecated
  self.set_wmclass("xborders", "xborder")
/home/garamog/.local/bin/xborders:284: DeprecationWarning: Gtk.Window.set_wmclass is deprecated
  self.set_wmclass("xborders", "xborder")
/home/garamog/.local/bin/xborders:284: DeprecationWarning: Gtk.Window.set_wmclass is deprecated
  self.set_wmclass("xborders", "xborder")
GDBus.Error:org.freedesktop.DBus.Error.NameHasNoOwner: Could not activate remote peer 'org.freedesktop.Notifications': activation request failed: a concurrent deactivation request is already in progress
/home/garamog/.local/bin/xborders:284: DeprecationWarning: Gtk.Window.set_wmclass is deprecated
  self.set_wmclass("xborders", "xborder")
/home/garamog/.local/bin/xborders:284: DeprecationWarning: Gtk.Window.set_wmclass is deprecated
  self.set_wmclass("xborders", "xborder")
